  Game.cpp
C:\Users\Josha\Desktop\MotionGraphics\Gameplay\Lab1\Match 3\Game.cpp(127,41): warning C4244: 'argument': conversion from 'int' to 'T', possible loss of data
C:\Users\Josha\Desktop\MotionGraphics\Gameplay\Lab1\Match 3\Game.cpp(127,41): warning C4244:         with
C:\Users\Josha\Desktop\MotionGraphics\Gameplay\Lab1\Match 3\Game.cpp(127,41): warning C4244:         [
C:\Users\Josha\Desktop\MotionGraphics\Gameplay\Lab1\Match 3\Game.cpp(127,41): warning C4244:             T=float
C:\Users\Josha\Desktop\MotionGraphics\Gameplay\Lab1\Match 3\Game.cpp(127,41): warning C4244:         ]
C:\Users\Josha\Desktop\MotionGraphics\Gameplay\Lab1\Match 3\Game.cpp(137,41): warning C4244: 'argument': conversion from 'int' to 'T', possible loss of data
C:\Users\Josha\Desktop\MotionGraphics\Gameplay\Lab1\Match 3\Game.cpp(137,41): warning C4244:         with
C:\Users\Josha\Desktop\MotionGraphics\Gameplay\Lab1\Match 3\Game.cpp(137,41): warning C4244:         [
C:\Users\Josha\Desktop\MotionGraphics\Gameplay\Lab1\Match 3\Game.cpp(137,41): warning C4244:             T=float
C:\Users\Josha\Desktop\MotionGraphics\Gameplay\Lab1\Match 3\Game.cpp(137,41): warning C4244:         ]
C:\Users\Josha\Desktop\MotionGraphics\Gameplay\Lab1\Match 3\Game.cpp(146,12): warning C4244: 'argument': conversion from 'time_t' to 'unsigned int', possible loss of data
C:\Users\Josha\Desktop\MotionGraphics\Gameplay\Lab1\Match 3\Game.cpp(186,43): warning C4244: 'argument': conversion from 'T' to 'float', possible loss of data
C:\Users\Josha\Desktop\MotionGraphics\Gameplay\Lab1\Match 3\Game.cpp(186,43): warning C4244:         with
C:\Users\Josha\Desktop\MotionGraphics\Gameplay\Lab1\Match 3\Game.cpp(186,43): warning C4244:         [
C:\Users\Josha\Desktop\MotionGraphics\Gameplay\Lab1\Match 3\Game.cpp(186,43): warning C4244:             T=int
C:\Users\Josha\Desktop\MotionGraphics\Gameplay\Lab1\Match 3\Game.cpp(186,43): warning C4244:         ]
C:\Users\Josha\Desktop\MotionGraphics\Gameplay\Lab1\Match 3\Game.cpp(186,30): warning C4244: 'argument': conversion from 'T' to 'float', possible loss of data
C:\Users\Josha\Desktop\MotionGraphics\Gameplay\Lab1\Match 3\Game.cpp(186,30): warning C4244:         with
C:\Users\Josha\Desktop\MotionGraphics\Gameplay\Lab1\Match 3\Game.cpp(186,30): warning C4244:         [
C:\Users\Josha\Desktop\MotionGraphics\Gameplay\Lab1\Match 3\Game.cpp(186,30): warning C4244:             T=int
C:\Users\Josha\Desktop\MotionGraphics\Gameplay\Lab1\Match 3\Game.cpp(186,30): warning C4244:         ]
  Match 3.vcxproj -> C:\Users\Josha\Desktop\MotionGraphics\Gameplay\Lab1\Match 3\Debug\Match 3.exe
